<?xml version="1.0" encoding="utf-8"?><testsuites name="pytest tests"><testsuite name="pytest" errors="0" failures="0" skipped="0" tests="5" time="12.910" timestamp="2026-05-18T20:56:04.916086+00:00" hostname="agent-env-7f4e1022-4051-4f71-bf19-79c316975c39"><testcase classname="tests.test_bulk_rename_categories" name="test_bulk_rename_requires_auth" time="1.049" /><testcase classname="tests.test_bulk_rename_categories" name="test_bulk_rename_happy_path" time="6.598" /><testcase classname="tests.test_bulk_rename_categories" name="test_bulk_rename_skips_invalid_items" time="2.698" /><testcase classname="tests.test_bulk_rename_categories" name="test_bulk_rename_empty_list" time="0.134" /><testcase classname="tests.test_bulk_rename_categories" name="test_bulk_rename_other_restaurant_categories_skipped" time="2.341" /></testsuite></testsuites>