<?xml version="1.0" encoding="utf-8"?><testsuites name="pytest tests"><testsuite name="pytest" errors="0" failures="0" skipped="0" tests="5" time="5.801" timestamp="2026-08-05T19:04:48.325735+00:00" hostname="agent-env-7f4e1022-4051-4f71-bf19-79c316975c39"><testcase classname="tests.test_iter31_bulk_rename_mcp.TestBackendBulkRenameContract" name="test_bare_array_body_accepted" time="0.788" /><testcase classname="tests.test_iter31_bulk_rename_mcp.TestBackendBulkRenameContract" name="test_wrapped_object_body_rejected" time="0.060" /><testcase classname="tests.test_iter31_bulk_rename_mcp.TestBackendBulkRenameContract" name="test_invalid_entries_are_skipped" time="0.053" /><testcase classname="tests.test_iter31_bulk_rename_mcp.TestMcpBulkRenameTool" name="test_mcp_source_sends_bare_array" time="0.000" /><testcase classname="tests.test_iter31_bulk_rename_mcp.TestMcpBulkRenameTool" name="test_mcp_bulk_rename_two_categories" time="4.842" /></testsuite></testsuites>