<?xml version="1.0" encoding="utf-8"?><testsuites name="pytest tests"><testsuite name="pytest" errors="0" failures="0" skipped="0" tests="13" time="1.373" timestamp="2026-08-05T22:42:11.738641+00:00" hostname="agent-env-7f4e1022-4051-4f71-bf19-79c316975c39"><testcase classname="tests.test_iter35_loyalty_bot_messages.TestLoyaltyConfigMessages" name="test_get_returns_defaults" time="0.651" /><testcase classname="tests.test_iter35_loyalty_bot_messages.TestLoyaltyConfigMessages" name="test_put_persists_all_three" time="0.098" /><testcase classname="tests.test_iter35_loyalty_bot_messages.TestLoyaltyConfigMessages" name="test_partial_update_keeps_others" time="0.100" /><testcase classname="tests.test_iter35_loyalty_bot_messages.TestLoyaltyConfigMessages" name="test_config_requires_auth" time="0.239" /><testcase classname="tests.test_iter35_loyalty_bot_messages.TestBotButtons" name="test_balance_button[\u0411\u0430\u043b\u0430\u043d\u0441]" time="0.124" /><testcase classname="tests.test_iter35_loyalty_bot_messages.TestBotButtons" name="test_balance_button[\U0001f4b0 \u0411\u0430\u043b\u0430\u043d\u0441]" time="0.001" /><testcase classname="tests.test_iter35_loyalty_bot_messages.TestBotButtons" name="test_balance_button[/balance]" time="0.001" /><testcase classname="tests.test_iter35_loyalty_bot_messages.TestBotButtons" name="test_invite_button[\U0001f465 \u041f\u0440\u0438\u0433\u043b\u0430\u0441\u0438\u0442\u044c \u0434\u0440\u0443\u0433\u0430]" time="0.001" /><testcase classname="tests.test_iter35_loyalty_bot_messages.TestBotButtons" name="test_invite_button[\u041f\u0440\u0438\u0433\u043b\u0430\u0441\u0438\u0442\u044c \u0434\u0440\u0443\u0433\u0430]" time="0.001" /><testcase classname="tests.test_iter35_loyalty_bot_messages.TestBotButtons" name="test_start_uses_config_text" time="0.001" /><testcase classname="tests.test_iter35_loyalty_bot_messages.TestBotButtons" name="test_card_button" time="0.001" /><testcase classname="tests.test_iter35_loyalty_bot_messages.TestBotButtons" name="test_welcome_after_contact_uses_template" time="0.002" /><testcase classname="tests.test_iter35_loyalty_bot_messages.TestBotButtons" name="test_unlinked_chat_gets_start_hint" time="0.003" /></testsuite></testsuites>