<?xml version="1.0" encoding="utf-8"?><testsuites name="pytest tests"><testsuite name="pytest" errors="0" failures="1" skipped="0" tests="9" time="3.352" timestamp="2026-08-05T19:01:46.267622+00:00" hostname="agent-env-7f4e1022-4051-4f71-bf19-79c316975c39"><testcase classname="tests.test_iter30_category_toggle_mcp.TestCategoryActiveToggle" name="test_precondition_category_exists" time="0.427" /><testcase classname="tests.test_iter30_category_toggle_mcp.TestCategoryActiveToggle" name="test_disable_with_is_active_false" time="0.115" /><testcase classname="tests.test_iter30_category_toggle_mcp.TestCategoryActiveToggle" name="test_is_visible_field_is_ignored" time="0.098" /><testcase classname="tests.test_iter30_category_toggle_mcp.TestCategoryActiveToggle" name="test_enable_with_is_active_true" time="0.108" /><testcase classname="tests.test_iter30_category_toggle_mcp.TestCategoryActiveToggle" name="test_rename_does_not_touch_is_active" time="0.177" /><testcase classname="tests.test_iter30_category_toggle_mcp.TestCategoryActiveToggle" name="test_update_unknown_category_returns_404" time="0.053" /><testcase classname="tests.test_iter30_category_toggle_mcp.TestMcpUpdateCategory" name="test_docstring_mentions_is_active_not_is_visible" time="0.000" /><testcase classname="tests.test_iter30_category_toggle_mcp.TestMcpUpdateCategory" name="test_mcp_update_category_disables_and_enables" time="1.683" /><testcase classname="tests.test_iter30_category_toggle_mcp.TestMcpUpdateCategory" name="test_mcp_bulk_rename_categories_tool" time="0.639"><failure message="AssertionError: bulk_rename_categories MCP tool failed: Error calling tool 'bulk_rename_categories': POST /api/restaurants/aa25189d-d668-4838-915a-c5d936547f3f/categories/bulk-rename → 422: {'detail': [{'type': 'list_type', 'loc': ['body'], 'msg': 'Input should be a valid list', 'input': {'renames': {'768fe425-3b91-40c4-9df9-0090f2b3ed06': 'Завтраки до 16.00'}}, 'url': 'https://errors.pydantic.dev/2.12/v/list_type'}]}&#10;assert False">E   AssertionError: bulk_rename_categories MCP tool failed: Error calling tool 'bulk_rename_categories': POST /api/restaurants/aa25189d-d668-4838-915a-c5d936547f3f/categories/bulk-rename → 422: {'detail': [{'type': 'list_type', 'loc': ['body'], 'msg': 'Input should be a valid list', 'input': {'renames': {'768fe425-3b91-40c4-9df9-0090f2b3ed06': 'Завтраки до 16.00'}}, 'url': 'https://errors.pydantic.dev/2.12/v/list_type'}]}
    assert False</failure></testcase></testsuite></testsuites>