<?xml version="1.0" encoding="utf-8"?><testsuites name="pytest tests"><testsuite name="pytest" errors="0" failures="0" skipped="1" tests="9" time="4.112" timestamp="2026-05-01T23:22:29.885639+00:00" hostname="agent-env-2ae9211b-dbfd-4333-b675-4fad4b451231"><testcase classname="backend.tests.test_iter19_domain_check" name="test_check_requires_auth" time="0.247" /><testcase classname="backend.tests.test_iter19_domain_check" name="test_check_requires_superadmin" time="0.353"><skipped type="pytest.skip" message="admin_test login unavailable">/app/backend/tests/test_iter19_domain_check.py:52: admin_test login unavailable</skipped></testcase><testcase classname="backend.tests.test_iter19_domain_check" name="test_check_nonexistent_domain_dns_error" time="0.584" /><testcase classname="backend.tests.test_iter19_domain_check" name="test_check_real_domain_returns_structured" time="0.835" /><testcase classname="backend.tests.test_iter19_domain_check" name="test_check_empty_domain_returns_400" time="0.103" /><testcase classname="backend.tests.test_iter19_domain_check" name="test_check_normalizes_scheme_port_path" time="0.542" /><testcase classname="backend.tests.test_iter19_domain_check" name="test_check_unknown_restaurant_404" time="0.107" /><testcase classname="backend.tests.test_iter19_domain_check" name="test_regression_put_custom_domains_and_menu_by_domain" time="0.949" /><testcase classname="backend.tests.test_iter19_domain_check" name="test_regression_qr_pdf_still_works" time="0.330" /></testsuite></testsuites>