<?xml version="1.0" encoding="utf-8"?><testsuites name="pytest tests"><testsuite name="pytest" errors="0" failures="0" skipped="0" tests="8" time="5.141" timestamp="2026-08-05T22:29:47.294382+00:00" hostname="agent-env-7f4e1022-4051-4f71-bf19-79c316975c39"><testcase classname="tests.test_iter34_loyalty_bot_and_columns.TestClientsEndpoint" name="test_clients_contain_birthday_and_sex" time="0.532" /><testcase classname="tests.test_iter34_loyalty_bot_and_columns.TestClientsEndpoint" name="test_clients_requires_auth" time="0.227" /><testcase classname="tests.test_iter34_loyalty_bot_and_columns.TestWebhookNewContact" name="test_new_contact_creates_client_with_card" time="1.093" /><testcase classname="tests.test_iter34_loyalty_bot_and_columns.TestWebhookNewContact" name="test_no_card_not_found_branch_in_source" time="0.001" /><testcase classname="tests.test_iter34_loyalty_bot_and_columns.TestWebhookNewContact" name="test_backend_log_has_no_not_found_message" time="0.003" /><testcase classname="tests.test_iter34_loyalty_bot_and_columns.TestBirthdayGenderCommands" name="test_birthday_flow" time="1.092" /><testcase classname="tests.test_iter34_loyalty_bot_and_columns.TestBirthdayGenderCommands" name="test_gender_flow" time="1.024" /><testcase classname="tests.test_iter34_loyalty_bot_and_columns.TestBirthdayGenderCommands" name="test_invalid_birthday_keeps_prompt" time="1.015" /></testsuite></testsuites>