<?xml version="1.0" encoding="utf-8"?><testsuites name="pytest tests"><testsuite name="pytest" errors="0" failures="0" skipped="0" tests="16" time="1.947" timestamp="2026-05-06T02:10:47.739935+00:00" hostname="agent-env-06964784-c749-4928-bb8e-d8fb3591568c"><testcase classname="backend.tests.test_local_subproducts_and_ai_parse.TestLocalSubproductsCRUD" name="test_list_initially_returns_data_field" time="0.640" /><testcase classname="backend.tests.test_local_subproducts_and_ai_parse.TestLocalSubproductsCRUD" name="test_create_local_subproduct" time="0.085" /><testcase classname="backend.tests.test_local_subproducts_and_ai_parse.TestLocalSubproductsCRUD" name="test_list_includes_created" time="0.068" /><testcase classname="backend.tests.test_local_subproducts_and_ai_parse.TestLocalSubproductsCRUD" name="test_update_recomputes_total" time="0.154" /><testcase classname="backend.tests.test_local_subproducts_and_ai_parse.TestLocalSubproductsCRUD" name="test_cost_catalog_includes_local_subproducts" time="0.118" /><testcase classname="backend.tests.test_local_subproducts_and_ai_parse.TestLocalSubproductsCRUD" name="test_delete_returns_in_use_count" time="0.201" /><testcase classname="backend.tests.test_local_subproducts_and_ai_parse.TestLocalSubproductsCRUD" name="test_delete_404_when_missing" time="0.073" /><testcase classname="backend.tests.test_local_subproducts_and_ai_parse.TestLocalSubproductsCRUD" name="test_create_validates_empty_name" time="0.087" /><testcase classname="backend.tests.test_local_subproducts_and_ai_parse.TestAIParseRecipe" name="test_ai_parse_two_blocks" time="0.092" /><testcase classname="backend.tests.test_local_subproducts_and_ai_parse.TestAIParseRecipe" name="test_ai_parse_empty_text_400" time="0.075" /><testcase classname="backend.tests.test_local_subproducts_and_ai_parse.TestAIParseRecipe" name="test_ai_parse_works_with_local_subproducts" time="0.218" /><testcase classname="backend.tests.test_recipe_parser" name="test_parses_two_block_message" time="0.001" /><testcase classname="backend.tests.test_recipe_parser" name="test_unit_factor_default_is_grams" time="0.000" /><testcase classname="backend.tests.test_recipe_parser" name="test_yo_normalization" time="0.000" /><testcase classname="backend.tests.test_recipe_parser" name="test_empty_text_returns_empty" time="0.000" /><testcase classname="backend.tests.test_recipe_parser" name="test_single_block_is_dish" time="0.000" /></testsuite></testsuites>