<?xml version="1.0" encoding="utf-8"?><testsuites name="pytest tests"><testsuite name="pytest" errors="0" failures="0" skipped="2" tests="12" time="3.084" timestamp="2026-05-01T22:49:39.995331+00:00" hostname="agent-env-2ae9211b-dbfd-4333-b675-4fad4b451231"><testcase classname="backend.tests.test_iter18_cart_domain_pdf.TestCustomDomains" name="test_superadmin_can_set_domains_normalized" time="0.609" /><testcase classname="backend.tests.test_iter18_cart_domain_pdf.TestCustomDomains" name="test_uniqueness_validation" time="0.356" /><testcase classname="backend.tests.test_iter18_cart_domain_pdf.TestCustomDomains" name="test_non_superadmin_cannot_change_domains" time="0.335"><skipped type="pytest.skip" message="admin_test login not available">/app/backend/tests/test_iter18_cart_domain_pdf.py:112: admin_test login not available</skipped></testcase><testcase classname="backend.tests.test_iter18_cart_domain_pdf.TestCartOnlyModule" name="test_set_cart_only_module" time="0.210" /><testcase classname="backend.tests.test_iter18_cart_domain_pdf.TestMenuByDomain" name="test_resolve_by_query_host" time="0.356" /><testcase classname="backend.tests.test_iter18_cart_domain_pdf.TestMenuByDomain" name="test_resolve_by_xforwarded_header" time="0.107"><skipped type="pytest.skip" message="X-Forwarded-Host stripped by ingress — query-host path already covered">/app/backend/tests/test_iter18_cart_domain_pdf.py:195: X-Forwarded-Host stripped by ingress — query-host path already covered</skipped></testcase><testcase classname="backend.tests.test_iter18_cart_domain_pdf.TestMenuByDomain" name="test_404_unknown_domain" time="0.123" /><testcase classname="backend.tests.test_iter18_cart_domain_pdf.TestMenuByDomain" name="test_404_unknown_table" time="0.112" /><testcase classname="backend.tests.test_iter18_cart_domain_pdf.TestQrPdf" name="test_pdf_a5" time="0.283" /><testcase classname="backend.tests.test_iter18_cart_domain_pdf.TestQrPdf" name="test_pdf_a6" time="0.159" /><testcase classname="backend.tests.test_iter18_cart_domain_pdf.TestQrPdf" name="test_pdf_requires_auth" time="0.127" /><testcase classname="backend.tests.test_iter18_cart_domain_pdf.TestWebhookReset" name="test_reset_uses_xforwarded_host" time="0.243" /></testsuite></testsuites>