<?xml version="1.0" encoding="utf-8"?><testsuites name="pytest tests"><testsuite name="pytest" errors="0" failures="0" skipped="0" tests="18" time="4.117" timestamp="2026-07-23T22:30:45.561427+00:00" hostname="agent-env-7f4e1022-4051-4f71-bf19-79c316975c39"><testcase classname="tests.test_nutrition_import" name="test_parser_per_dish_table" time="0.030" /><testcase classname="tests.test_nutrition_import" name="test_parser_flat_table" time="0.026" /><testcase classname="tests.test_nutrition_import" name="test_parser_real_file_if_present" time="0.022" /><testcase classname="tests.test_nutrition_import" name="test_matcher_exact_and_ambiguous" time="0.000" /><testcase classname="tests.test_nutrition_import" name="test_matcher_stopwords_no_false_match_syrniki_vs_cheeseburger" time="0.000" /><testcase classname="tests.test_nutrition_import" name="test_matcher_exact_matches_still_work" time="0.000" /><testcase classname="tests.test_nutrition_import" name="test_endpoint_real_file_counts_sum_to_total" time="0.679" /><testcase classname="tests.test_nutrition_import" name="test_endpoint_apply_returns_skipped_field" time="0.670" /><testcase classname="tests.test_nutrition_import" name="test_endpoint_rejects_non_docx" time="0.102" /><testcase classname="tests.test_nutrition_import" name="test_endpoint_rejects_empty_file" time="0.110" /><testcase classname="tests.test_nutrition_import" name="test_endpoint_rejects_docx_without_tables" time="0.139" /><testcase classname="tests.test_nutrition_import" name="test_endpoint_dry_run_preview_shape" time="0.306" /><testcase classname="tests.test_nutrition_import" name="test_endpoint_apply_with_apply_ids_persists" time="0.541" /><testcase classname="tests.test_nutrition_import" name="test_endpoint_apply_ids_filter_excludes_others" time="0.792" /><testcase classname="tests.test_nutrition_import_iter27" name="test_short_query_vs_long_choice_matches" time="0.000" /><testcase classname="tests.test_nutrition_import_iter27" name="test_word_permutation_matches" time="0.000" /><testcase classname="tests.test_nutrition_import_iter27" name="test_isolated_syrniki_vs_cheeseburger_no_false_match" time="0.000" /><testcase classname="tests.test_nutrition_import_iter27" name="test_real_file_distribution" time="0.614" /></testsuite></testsuites>