<?xml version="1.0" encoding="utf-8"?><testsuites name="pytest tests"><testsuite name="pytest" errors="0" failures="0" skipped="0" tests="12" time="6.277" timestamp="2026-05-04T12:42:45.205903+00:00" hostname="agent-env-29461e7c-30e5-4db4-a0cc-cd4bf8b32806"><testcase classname="backend.tests.test_demo_isolation_and_translation_cache.TestSeedAndDemoIsolation" name="test_seed_returns_demo_restaurant_id" time="0.207" /><testcase classname="backend.tests.test_demo_isolation_and_translation_cache.TestSeedAndDemoIsolation" name="test_seed_is_idempotent" time="0.167" /><testcase classname="backend.tests.test_demo_isolation_and_translation_cache.TestSeedAndDemoIsolation" name="test_demo_user_restaurants_only_demo" time="0.294" /><testcase classname="backend.tests.test_demo_isolation_and_translation_cache.TestSeedAndDemoIsolation" name="test_demo_user_role_administrator" time="0.000" /><testcase classname="backend.tests.test_demo_isolation_and_translation_cache.TestPublicDemoEndpoints" name="test_demo_menu_info_path_uses_demo_slug" time="0.049" /><testcase classname="backend.tests.test_demo_isolation_and_translation_cache.TestPublicDemoEndpoints" name="test_demo_stats_expected_counts" time="0.049" /><testcase classname="backend.tests.test_demo_isolation_and_translation_cache.TestPublicDemoEndpoints" name="test_menu_by_slug_demo" time="0.057" /><testcase classname="backend.tests.test_demo_isolation_and_translation_cache.TestDemoDataShape" name="test_demo_restaurant_has_expected_structure" time="0.514" /><testcase classname="backend.tests.test_demo_isolation_and_translation_cache.TestTranslationCache" name="test_cache_stats_requires_auth" time="0.045" /><testcase classname="backend.tests.test_demo_isolation_and_translation_cache.TestTranslationCache" name="test_cache_stats_seed_count" time="0.048" /><testcase classname="backend.tests.test_demo_isolation_and_translation_cache.TestTranslationCache" name="test_cache_hit_fast_path" time="0.047" /><testcase classname="backend.tests.test_demo_isolation_and_translation_cache.TestTranslationCache" name="test_translation_status_smoke" time="4.724" /></testsuite></testsuites>