<?xml version="1.0" encoding="utf-8"?><testsuites name="pytest tests"><testsuite name="pytest" errors="0" failures="1" skipped="0" tests="14" time="6.669" timestamp="2026-07-22T19:13:01.578326+00:00" hostname="agent-env-7f4e1022-4051-4f71-bf19-79c316975c39"><testcase classname="tests.test_nutrition_import" name="test_parser_per_dish_table" time="0.029" /><testcase classname="tests.test_nutrition_import" name="test_parser_flat_table" time="0.026" /><testcase classname="tests.test_nutrition_import" name="test_parser_real_file_if_present" time="0.022" /><testcase classname="tests.test_nutrition_import" name="test_matcher_exact_and_ambiguous" time="0.000" /><testcase classname="tests.test_nutrition_import" name="test_matcher_stopwords_no_false_match_syrniki_vs_cheeseburger" time="0.000"><failure message="AssertionError: Regression: Сырники auto-matched to Чизбургер. matched=[{'source': 'Сырники с ванильным кремом и вишневым соусом', 'item_id': 'cb', 'item_name': 'Чизбургер с вишневым соусом', 'score': 75, 'values': {'protein': 11.15, 'fat': 16.37, 'carbs': 28.74, 'kcal': 306, 'kj': 1285}}]&#10;assert 'Сырники с ванильным кремом и вишневым соусом' not in ['Сырники с ванильным кремом и вишневым соусом']">tests/test_nutrition_import.py:160: in test_matcher_stopwords_no_false_match_syrniki_vs_cheeseburger
    assert "Сырники с ванильным кремом и вишневым соусом" not in matched_sources, (
E   AssertionError: Regression: Сырники auto-matched to Чизбургер. matched=[{'source': 'Сырники с ванильным кремом и вишневым соусом', 'item_id': 'cb', 'item_name': 'Чизбургер с вишневым соусом', 'score': 75, 'values': {'protein': 11.15, 'fat': 16.37, 'carbs': 28.74, 'kcal': 306, 'kj': 1285}}]
E   assert 'Сырники с ванильным кремом и вишневым соусом' not in ['Сырники с ванильным кремом и вишневым соусом']</failure></testcase><testcase classname="tests.test_nutrition_import" name="test_matcher_exact_matches_still_work" time="0.000" /><testcase classname="tests.test_nutrition_import" name="test_endpoint_real_file_counts_sum_to_total" time="1.077" /><testcase classname="tests.test_nutrition_import" name="test_endpoint_apply_returns_skipped_field" time="2.781" /><testcase classname="tests.test_nutrition_import" name="test_endpoint_rejects_non_docx" time="0.221" /><testcase classname="tests.test_nutrition_import" name="test_endpoint_rejects_empty_file" time="0.178" /><testcase classname="tests.test_nutrition_import" name="test_endpoint_rejects_docx_without_tables" time="0.157" /><testcase classname="tests.test_nutrition_import" name="test_endpoint_dry_run_preview_shape" time="0.383" /><testcase classname="tests.test_nutrition_import" name="test_endpoint_apply_with_apply_ids_persists" time="0.764" /><testcase classname="tests.test_nutrition_import" name="test_endpoint_apply_ids_filter_excludes_others" time="0.902" /></testsuite></testsuites>