<?xml version="1.0" encoding="utf-8"?><testsuites name="pytest tests"><testsuite name="pytest" errors="0" failures="0" skipped="0" tests="4" time="4.943" timestamp="2026-07-22T18:20:21.558440+00:00" hostname="agent-env-7f4e1022-4051-4f71-bf19-79c316975c39"><testcase classname="backend.tests.test_nutrition_feature" name="test_create_item_with_nutrition" time="0.957" /><testcase classname="backend.tests.test_nutrition_feature" name="test_update_item_nutrition" time="3.162" /><testcase classname="backend.tests.test_nutrition_feature" name="test_create_item_without_nutrition_returns_null" time="0.119" /><testcase classname="backend.tests.test_nutrition_feature" name="test_cleanup_delete_null_item" time="0.609" /></testsuite></testsuites>