<?xml version="1.0" encoding="utf-8"?><testsuites name="pytest tests"><testsuite name="pytest" errors="0" failures="0" skipped="0" tests="10" time="3.131" timestamp="2026-07-22T18:56:28.487323+00:00" hostname="agent-env-7f4e1022-4051-4f71-bf19-79c316975c39"><testcase classname="tests.test_nutrition_import" name="test_parser_per_dish_table" time="0.029" /><testcase classname="tests.test_nutrition_import" name="test_parser_flat_table" time="0.025" /><testcase classname="tests.test_nutrition_import" name="test_parser_real_file_if_present" time="0.023" /><testcase classname="tests.test_nutrition_import" name="test_matcher_exact_and_ambiguous" time="0.000" /><testcase classname="tests.test_nutrition_import" name="test_endpoint_rejects_non_docx" time="0.697" /><testcase classname="tests.test_nutrition_import" name="test_endpoint_rejects_empty_file" time="0.176" /><testcase classname="tests.test_nutrition_import" name="test_endpoint_rejects_docx_without_tables" time="0.159" /><testcase classname="tests.test_nutrition_import" name="test_endpoint_dry_run_preview_shape" time="0.317" /><testcase classname="tests.test_nutrition_import" name="test_endpoint_apply_with_apply_ids_persists" time="0.821" /><testcase classname="tests.test_nutrition_import" name="test_endpoint_apply_ids_filter_excludes_others" time="0.788" /></testsuite></testsuites>