<?xml version="1.0" encoding="utf-8"?><testsuites name="pytest tests"><testsuite name="pytest" errors="0" failures="0" skipped="0" tests="12" time="5.501" timestamp="2026-03-10T15:30:13.300329+00:00" hostname="agent-env-fa54b3cc-4bf7-40c4-ae5c-c4e5a6c91f15"><testcase classname="backend.tests.test_bugfixes_iteration9.TestJWTAndAuth" name="test_auth_me_works" time="0.598" /><testcase classname="backend.tests.test_bugfixes_iteration9.TestJWTAndAuth" name="test_put_menu_item_no_401" time="0.427" /><testcase classname="backend.tests.test_bugfixes_iteration9.TestUploadsPath" name="test_uploads_path_serves_images" time="0.263" /><testcase classname="backend.tests.test_bugfixes_iteration9.TestUploadsPath" name="test_uploads_path_format" time="0.132" /><testcase classname="backend.tests.test_bugfixes_iteration9.TestBannerImport" name="test_data_file_has_banners" time="0.010" /><testcase classname="backend.tests.test_bugfixes_iteration9.TestBannerImport" name="test_import_file_with_banners_replace_mode" time="1.320" /><testcase classname="backend.tests.test_bugfixes_iteration9.TestImportReplaceMode" name="test_replace_mode_deletes_old_menu" time="1.151" /><testcase classname="backend.tests.test_bugfixes_iteration9.TestDownloadImages" name="test_download_images_endpoint_returns_immediately" time="0.154" /><testcase classname="backend.tests.test_bugfixes_iteration9.TestDownloadImages" name="test_download_images_counts_external_urls" time="0.450" /><testcase classname="backend.tests.test_bugfixes_iteration9.TestDownloadImages" name="test_restaurant_without_external_images" time="0.214" /><testcase classname="backend.tests.test_bugfixes_iteration9.TestPublicMenuLabels" name="test_public_menu_returns_labels_array" time="0.136" /><testcase classname="backend.tests.test_bugfixes_iteration9.TestMenuItemsHaveExternalImages" name="test_restaurant_has_external_images" time="0.528" /></testsuite></testsuites>