<?xml version="1.0" encoding="utf-8"?><testsuites name="pytest tests"><testsuite name="pytest" errors="0" failures="0" skipped="0" tests="27" time="12.459" timestamp="2026-03-10T17:12:39.334893+00:00" hostname="agent-env-0eeb9dab-c3c8-4e7b-a3de-2a3aafc5b8b9"><testcase classname="backend.tests.test_refactoring_regression.TestHealthEndpoint" name="test_health_returns_200" time="0.257" /><testcase classname="backend.tests.test_refactoring_regression.TestAuthEndpoints" name="test_login_with_valid_credentials" time="0.397" /><testcase classname="backend.tests.test_refactoring_regression.TestAuthEndpoints" name="test_login_with_invalid_credentials" time="0.346" /><testcase classname="backend.tests.test_refactoring_regression.TestAuthEndpoints" name="test_auth_me_with_token" time="0.472" /><testcase classname="backend.tests.test_refactoring_regression.TestAuthEndpoints" name="test_auth_me_without_token" time="0.137" /><testcase classname="backend.tests.test_refactoring_regression.TestRestaurantEndpoints" name="test_get_restaurants_list" time="0.482" /><testcase classname="backend.tests.test_refactoring_regression.TestRestaurantEndpoints" name="test_get_restaurant_by_id" time="0.472" /><testcase classname="backend.tests.test_refactoring_regression.TestMenuEndpoints" name="test_get_categories" time="0.503" /><testcase classname="backend.tests.test_refactoring_regression.TestMenuEndpoints" name="test_get_menu_sections" time="0.460" /><testcase classname="backend.tests.test_refactoring_regression.TestMenuEndpoints" name="test_get_menu_items" time="0.520" /><testcase classname="backend.tests.test_refactoring_regression.TestMenuEndpoints" name="test_get_labels" time="0.476" /><testcase classname="backend.tests.test_refactoring_regression.TestTableEndpoints" name="test_get_tables" time="0.482" /><testcase classname="backend.tests.test_refactoring_regression.TestOrderEndpoints" name="test_get_orders" time="0.506" /><testcase classname="backend.tests.test_refactoring_regression.TestOrderEndpoints" name="test_get_staff_calls" time="0.581" /><testcase classname="backend.tests.test_refactoring_regression.TestOrderEndpoints" name="test_get_call_types" time="0.472" /><testcase classname="backend.tests.test_refactoring_regression.TestOrderEndpoints" name="test_complete_all_orders_endpoint" time="0.450" /><testcase classname="backend.tests.test_refactoring_regression.TestOrderEndpoints" name="test_complete_all_staff_calls_endpoint" time="0.454" /><testcase classname="backend.tests.test_refactoring_regression.TestSettingsEndpoints" name="test_get_settings" time="0.474" /><testcase classname="backend.tests.test_refactoring_regression.TestSettingsEndpoints" name="test_get_analytics" time="0.459" /><testcase classname="backend.tests.test_refactoring_regression.TestSettingsEndpoints" name="test_get_employees" time="0.505" /><testcase classname="backend.tests.test_refactoring_regression.TestPublicEndpoints" name="test_get_public_menu_regular_table" time="0.148" /><testcase classname="backend.tests.test_refactoring_regression.TestPublicEndpoints" name="test_get_public_menu_preorder_table" time="0.207" /><testcase classname="backend.tests.test_refactoring_regression.TestPublicEndpoints" name="test_get_public_menu_invalid_code" time="0.111" /><testcase classname="backend.tests.test_refactoring_regression.TestPublicEndpoints" name="test_create_public_order" time="1.002" /><testcase classname="backend.tests.test_refactoring_regression.TestPublicEndpoints" name="test_create_public_staff_call" time="0.565" /><testcase classname="backend.tests.test_refactoring_regression.TestTelegramEndpoints" name="test_get_telegram_bot_info" time="0.941" /><testcase classname="backend.tests.test_refactoring_regression.TestUserManagement" name="test_get_users_list" time="0.479" /></testsuite></testsuites>