<?xml version="1.0" encoding="utf-8"?><testsuites name="pytest tests"><testsuite name="pytest" errors="0" failures="0" skipped="0" tests="17" time="5.260" timestamp="2026-03-11T12:05:55.300652+00:00" hostname="agent-env-e5498f3a-0a56-42ce-b48d-d137667fafe5"><testcase classname="backend.tests.test_slug_feature.TestPublicMenuBySlug" name="test_get_menu_by_slug_success" time="0.253" /><testcase classname="backend.tests.test_slug_feature.TestPublicMenuBySlug" name="test_get_menu_by_slug_invalid_slug" time="0.126" /><testcase classname="backend.tests.test_slug_feature.TestPublicMenuBySlug" name="test_get_menu_by_slug_invalid_table" time="0.120" /><testcase classname="backend.tests.test_slug_feature.TestPublicMenuBySlug" name="test_get_menu_by_slug_table_zero_preorder" time="0.131" /><testcase classname="backend.tests.test_slug_feature.TestSlugSaveAndValidation" name="test_get_restaurant_with_slug" time="0.499" /><testcase classname="backend.tests.test_slug_feature.TestSlugSaveAndValidation" name="test_update_slug_valid_format" time="0.219" /><testcase classname="backend.tests.test_slug_feature.TestSlugSaveAndValidation" name="test_update_slug_invalid_format_uppercase" time="0.207" /><testcase classname="backend.tests.test_slug_feature.TestSlugSaveAndValidation" name="test_update_slug_invalid_chars" time="0.129" /><testcase classname="backend.tests.test_slug_feature.TestSlugSaveAndValidation" name="test_update_slug_cyrillic" time="0.119" /><testcase classname="backend.tests.test_slug_feature.TestSlugSaveAndValidation" name="test_update_slug_uniqueness" time="0.161" /><testcase classname="backend.tests.test_slug_feature.TestSlugSaveAndValidation" name="test_update_slug_empty_allowed" time="0.105" /><testcase classname="backend.tests.test_slug_feature.TestSlugSaveAndValidation" name="test_update_slug_single_char" time="0.232" /><testcase classname="backend.tests.test_slug_feature.TestQRCodeWithSlug" name="test_qr_code_with_slug" time="0.240" /><testcase classname="backend.tests.test_slug_feature.TestQRCodeWithSlug" name="test_qr_code_without_slug" time="0.340" /><testcase classname="backend.tests.test_slug_feature.TestOldMenuFormatStillWorks" name="test_old_menu_format_works" time="0.159" /><testcase classname="backend.tests.test_slug_feature.TestOrdersAndCallsViaSlugMenu" name="test_create_order_via_slug_menu" time="1.066" /><testcase classname="backend.tests.test_slug_feature.TestOrdersAndCallsViaSlugMenu" name="test_staff_call_via_slug_menu" time="1.023" /></testsuite></testsuites>