<?xml version="1.0" encoding="utf-8"?><testsuites name="pytest tests"><testsuite name="pytest" errors="0" failures="0" skipped="0" tests="11" time="8.129" timestamp="2026-03-10T14:53:35.845853+00:00" hostname="agent-env-fa54b3cc-4bf7-40c4-ae5c-c4e5a6c91f15"><testcase classname="tests.test_data_import.TestDataImportAuth" name="test_import_file_requires_auth" time="0.241" /><testcase classname="tests.test_data_import.TestDataImportFormats" name="test_import_rejects_non_data_json_files" time="0.807" /><testcase classname="tests.test_data_import.TestDataImportFormats" name="test_import_accepts_data_file" time="0.568" /><testcase classname="tests.test_data_import.TestDataImportFormats" name="test_import_accepts_json_file" time="0.482" /><testcase classname="tests.test_data_import.TestLunchPadParsing" name="test_html_tags_stripped_from_names" time="0.744" /><testcase classname="tests.test_data_import.TestLunchPadParsing" name="test_prices_parsed_correctly" time="0.711" /><testcase classname="tests.test_data_import.TestLunchPadParsing" name="test_image_url_from_foto_field" time="0.675" /><testcase classname="tests.test_data_import.TestLunchPadParsing" name="test_display_mode_mapping" time="0.589" /><testcase classname="tests.test_data_import.TestLunchPadParsing" name="test_in_stop_list_maps_to_is_available" time="0.852" /><testcase classname="tests.test_data_import.TestRealDataImport" name="test_import_real_sample_data_file" time="0.688" /><testcase classname="tests.test_data_import.TestCleanup" name="test_cleanup_test_data" time="1.656" /></testsuite></testsuites>