<?xml version="1.0" encoding="utf-8"?><testsuites name="pytest tests"><testsuite name="pytest" errors="0" failures="0" skipped="0" tests="14" time="3.634" timestamp="2026-04-27T21:45:52.804323+00:00" hostname="agent-env-70a2a73b-026e-4d07-97c3-bef50547de31"><testcase classname="backend.tests.test_price_control_caffesta.TestCostsAnalysis" name="test_analysis_returns_items_and_summary" time="0.666" /><testcase classname="backend.tests.test_price_control_caffesta.TestCostsUpload" name="test_upload_csv_matches_existing_items" time="0.293" /><testcase classname="backend.tests.test_price_control_caffesta.TestCostsUpload" name="test_upload_xlsx_matches_existing_items" time="0.147" /><testcase classname="backend.tests.test_price_control_caffesta.TestCostsUpload" name="test_upload_empty_returns_400" time="0.116" /><testcase classname="backend.tests.test_price_control_caffesta.TestItemAndCategoryUpdate" name="test_update_item_cost_and_threshold" time="0.345" /><testcase classname="backend.tests.test_price_control_caffesta.TestItemAndCategoryUpdate" name="test_update_category_threshold" time="0.303" /><testcase classname="backend.tests.test_price_control_caffesta.TestItemAndCategoryUpdate" name="test_update_item_empty_payload_returns_400" time="0.165" /><testcase classname="backend.tests.test_price_control_caffesta.TestAlertsTrigger" name="test_check_alerts_succeeds_when_disabled" time="0.122" /><testcase classname="backend.tests.test_price_control_caffesta.TestCaffestaConfig" name="test_get_caffesta_returns_payment_methods_field" time="0.130" /><testcase classname="backend.tests.test_price_control_caffesta.TestCaffestaConfig" name="test_put_caffesta_payment_methods_persists_and_syncs_default" time="0.288" /><testcase classname="backend.tests.test_price_control_caffesta.TestCaffestaConfig" name="test_put_caffesta_payment_methods_no_default_uses_first" time="0.155" /><testcase classname="backend.tests.test_price_control_caffesta.TestCaffestaTimeWindow" name="test_time_window_returns_400_when_disabled" time="0.118" /><testcase classname="backend.tests.test_price_control_caffesta.TestCaffestaTimeWindow" name="test_time_window_invalid_time_format" time="0.114" /><testcase classname="backend.tests.test_price_control_caffesta.TestCaffestaTimeWindow" name="test_time_window_accepts_valid_day_types" time="0.368" /></testsuite></testsuites>