<?xml version="1.0" encoding="utf-8"?><testsuites name="pytest tests"><testsuite name="pytest" errors="0" failures="0" skipped="0" tests="10" time="3.938" timestamp="2026-04-27T22:01:18.566079+00:00" hostname="agent-env-70a2a73b-026e-4d07-97c3-bef50547de31"><testcase classname="backend.tests.test_caffesta_rewrite" name="test_import_caffesta_returns_400_when_disabled" time="0.862" /><testcase classname="backend.tests.test_caffesta_rewrite" name="test_analytics_works_when_disabled" time="0.113" /><testcase classname="backend.tests.test_caffesta_rewrite" name="test_time_window_returns_400_when_disabled" time="0.127" /><testcase classname="backend.tests.test_caffesta_rewrite" name="test_time_window_invalid_time_returns_400" time="0.114" /><testcase classname="backend.tests.test_caffesta_rewrite" name="test_time_window_enabled_invalid_creds_returns_graceful" time="1.938" /><testcase classname="backend.tests.test_caffesta_rewrite" name="test_stop_list_sync_returns_400_when_disabled" time="0.113" /><testcase classname="backend.tests.test_caffesta_rewrite" name="test_costs_analysis_regression" time="0.134" /><testcase classname="backend.tests.test_caffesta_rewrite" name="test_costs_upload_csv_regression" time="0.130" /><testcase classname="backend.tests.test_caffesta_rewrite" name="test_caffesta_put_payment_methods_regression" time="0.246" /><testcase classname="backend.tests.test_caffesta_rewrite" name="test_analytics_shape_default_days" time="0.111" /></testsuite></testsuites>