<?xml version="1.0" encoding="utf-8"?><testsuites name="pytest tests"><testsuite name="pytest" errors="0" failures="6" skipped="0" tests="20" time="1.485" timestamp="2026-01-26T18:40:38.363844+00:00" hostname="agent-env-813ab2e6-1faa-4002-b0fc-5efa06910e56"><testcase classname="backend.tests.test_restaurant_api.TestMenuSections" name="test_get_menu_sections" time="0.084" /><testcase classname="backend.tests.test_restaurant_api.TestMenuSections" name="test_create_menu_section" time="0.041"><failure message="assert 520 == 200&#10; +  where 520 = &lt;Response [520]&gt;.status_code">backend/tests/test_restaurant_api.py:47: in test_create_menu_section
    assert response.status_code == 200
E   assert 520 == 200
E    +  where 520 = &lt;Response [520]&gt;.status_code</failure></testcase><testcase classname="backend.tests.test_restaurant_api.TestMenuSections" name="test_update_menu_section" time="0.040"><failure message="requests.exceptions.JSONDecodeError: Expecting value: line 1 column 1 (char 0)">/root/.venv/lib/python3.11/site-packages/requests/models.py:976: in json
    return complexjson.loads(self.text, **kwargs)
           ^^^^^^^^^^^^^^^^^^^^^^^^^^^^^^^^^^^^^^
/usr/local/lib/python3.11/json/__init__.py:346: in loads
    return _default_decoder.decode(s)
           ^^^^^^^^^^^^^^^^^^^^^^^^^^
/usr/local/lib/python3.11/json/decoder.py:337: in decode
    obj, end = self.raw_decode(s, idx=_w(s, 0).end())
               ^^^^^^^^^^^^^^^^^^^^^^^^^^^^^^^^^^^^^^
/usr/local/lib/python3.11/json/decoder.py:355: in raw_decode
    raise JSONDecodeError("Expecting value", s, err.value) from None
E   json.decoder.JSONDecodeError: Expecting value: line 1 column 1 (char 0)

During handling of the above exception, another exception occurred:
backend/tests/test_restaurant_api.py:67: in test_update_menu_section
    section_id = create_response.json()['id']
                 ^^^^^^^^^^^^^^^^^^^^^^
/root/.venv/lib/python3.11/site-packages/requests/models.py:980: in json
    raise RequestsJSONDecodeError(e.msg, e.doc, e.pos)
E   requests.exceptions.JSONDecodeError: Expecting value: line 1 column 1 (char 0)</failure></testcase><testcase classname="backend.tests.test_restaurant_api.TestMenuSections" name="test_delete_menu_section" time="0.041"><failure message="requests.exceptions.JSONDecodeError: Expecting value: line 1 column 1 (char 0)">/root/.venv/lib/python3.11/site-packages/requests/models.py:976: in json
    return complexjson.loads(self.text, **kwargs)
           ^^^^^^^^^^^^^^^^^^^^^^^^^^^^^^^^^^^^^^
/usr/local/lib/python3.11/json/__init__.py:346: in loads
    return _default_decoder.decode(s)
           ^^^^^^^^^^^^^^^^^^^^^^^^^^
/usr/local/lib/python3.11/json/decoder.py:337: in decode
    obj, end = self.raw_decode(s, idx=_w(s, 0).end())
               ^^^^^^^^^^^^^^^^^^^^^^^^^^^^^^^^^^^^^^
/usr/local/lib/python3.11/json/decoder.py:355: in raw_decode
    raise JSONDecodeError("Expecting value", s, err.value) from None
E   json.decoder.JSONDecodeError: Expecting value: line 1 column 1 (char 0)

During handling of the above exception, another exception occurred:
backend/tests/test_restaurant_api.py:95: in test_delete_menu_section
    section_id = create_response.json()['id']
                 ^^^^^^^^^^^^^^^^^^^^^^
/root/.venv/lib/python3.11/site-packages/requests/models.py:980: in json
    raise RequestsJSONDecodeError(e.msg, e.doc, e.pos)
E   requests.exceptions.JSONDecodeError: Expecting value: line 1 column 1 (char 0)</failure></testcase><testcase classname="backend.tests.test_restaurant_api.TestCallTypes" name="test_get_call_types" time="0.038" /><testcase classname="backend.tests.test_restaurant_api.TestCallTypes" name="test_create_call_type" time="0.041"><failure message="assert 520 == 200&#10; +  where 520 = &lt;Response [520]&gt;.status_code">backend/tests/test_restaurant_api.py:144: in test_create_call_type
    assert response.status_code == 200
E   assert 520 == 200
E    +  where 520 = &lt;Response [520]&gt;.status_code</failure></testcase><testcase classname="backend.tests.test_restaurant_api.TestCallTypes" name="test_update_call_type" time="0.041"><failure message="requests.exceptions.JSONDecodeError: Expecting value: line 1 column 1 (char 0)">/root/.venv/lib/python3.11/site-packages/requests/models.py:976: in json
    return complexjson.loads(self.text, **kwargs)
           ^^^^^^^^^^^^^^^^^^^^^^^^^^^^^^^^^^^^^^
/usr/local/lib/python3.11/json/__init__.py:346: in loads
    return _default_decoder.decode(s)
           ^^^^^^^^^^^^^^^^^^^^^^^^^^
/usr/local/lib/python3.11/json/decoder.py:337: in decode
    obj, end = self.raw_decode(s, idx=_w(s, 0).end())
               ^^^^^^^^^^^^^^^^^^^^^^^^^^^^^^^^^^^^^^
/usr/local/lib/python3.11/json/decoder.py:355: in raw_decode
    raise JSONDecodeError("Expecting value", s, err.value) from None
E   json.decoder.JSONDecodeError: Expecting value: line 1 column 1 (char 0)

During handling of the above exception, another exception occurred:
backend/tests/test_restaurant_api.py:164: in test_update_call_type
    ct_id = create_response.json()['id']
            ^^^^^^^^^^^^^^^^^^^^^^
/root/.venv/lib/python3.11/site-packages/requests/models.py:980: in json
    raise RequestsJSONDecodeError(e.msg, e.doc, e.pos)
E   requests.exceptions.JSONDecodeError: Expecting value: line 1 column 1 (char 0)</failure></testcase><testcase classname="backend.tests.test_restaurant_api.TestCallTypes" name="test_delete_call_type" time="0.035"><failure message="requests.exceptions.JSONDecodeError: Expecting value: line 1 column 1 (char 0)">/root/.venv/lib/python3.11/site-packages/requests/models.py:976: in json
    return complexjson.loads(self.text, **kwargs)
           ^^^^^^^^^^^^^^^^^^^^^^^^^^^^^^^^^^^^^^
/usr/local/lib/python3.11/json/__init__.py:346: in loads
    return _default_decoder.decode(s)
           ^^^^^^^^^^^^^^^^^^^^^^^^^^
/usr/local/lib/python3.11/json/decoder.py:337: in decode
    obj, end = self.raw_decode(s, idx=_w(s, 0).end())
               ^^^^^^^^^^^^^^^^^^^^^^^^^^^^^^^^^^^^^^
/usr/local/lib/python3.11/json/decoder.py:355: in raw_decode
    raise JSONDecodeError("Expecting value", s, err.value) from None
E   json.decoder.JSONDecodeError: Expecting value: line 1 column 1 (char 0)

During handling of the above exception, another exception occurred:
backend/tests/test_restaurant_api.py:193: in test_delete_call_type
    ct_id = create_response.json()['id']
            ^^^^^^^^^^^^^^^^^^^^^^
/root/.venv/lib/python3.11/site-packages/requests/models.py:980: in json
    raise RequestsJSONDecodeError(e.msg, e.doc, e.pos)
E   requests.exceptions.JSONDecodeError: Expecting value: line 1 column 1 (char 0)</failure></testcase><testcase classname="backend.tests.test_restaurant_api.TestPublicMenu" name="test_get_public_menu_valid_table" time="0.054" /><testcase classname="backend.tests.test_restaurant_api.TestPublicMenu" name="test_get_public_menu_invalid_table" time="0.039" /><testcase classname="backend.tests.test_restaurant_api.TestPublicMenu" name="test_public_menu_categories_have_section_id" time="0.055" /><testcase classname="backend.tests.test_restaurant_api.TestCategories" name="test_get_categories" time="0.035" /><testcase classname="backend.tests.test_restaurant_api.TestCategories" name="test_create_category_with_section" time="0.081" /><testcase classname="backend.tests.test_restaurant_api.TestCategories" name="test_update_category_section" time="0.160" /><testcase classname="backend.tests.test_restaurant_api.TestSettings" name="test_get_settings" time="0.049" /><testcase classname="backend.tests.test_restaurant_api.TestSettings" name="test_update_telegram_settings" time="0.113" /><testcase classname="backend.tests.test_restaurant_api.TestStaffCalls" name="test_create_staff_call_with_type" time="0.092" /><testcase classname="backend.tests.test_restaurant_api.TestStaffCalls" name="test_get_staff_calls" time="0.037" /><testcase classname="backend.tests.test_restaurant_api.TestMenuItems" name="test_get_menu_items" time="0.046" /><testcase classname="backend.tests.test_restaurant_api.TestMenuItems" name="test_create_banner_item" time="0.117" /></testsuite></testsuites>