<?xml version="1.0" encoding="utf-8"?><testsuites name="pytest tests"><testsuite name="pytest" errors="0" failures="0" skipped="0" tests="13" time="6.648" timestamp="2026-03-10T15:11:11.583250+00:00" hostname="agent-env-fa54b3cc-4bf7-40c4-ae5c-c4e5a6c91f15"><testcase classname="backend.tests.test_new_features.TestLabelsAPI" name="test_get_labels" time="0.616" /><testcase classname="backend.tests.test_new_features.TestLabelsAPI" name="test_create_label" time="0.127" /><testcase classname="backend.tests.test_new_features.TestLabelsAPI" name="test_update_label" time="0.253" /><testcase classname="backend.tests.test_new_features.TestLabelsAPI" name="test_delete_label" time="0.435" /><testcase classname="backend.tests.test_new_features.TestLabelsAPI" name="test_delete_label_clears_from_items" time="1.059" /><testcase classname="backend.tests.test_new_features.TestMenuItemLabels" name="test_create_item_with_labels" time="0.362" /><testcase classname="backend.tests.test_new_features.TestMenuItemLabels" name="test_update_item_labels" time="0.572" /><testcase classname="backend.tests.test_new_features.TestImportModes" name="test_import_with_append_mode" time="0.350" /><testcase classname="backend.tests.test_new_features.TestImportModes" name="test_import_with_replace_mode" time="0.477" /><testcase classname="backend.tests.test_new_features.TestImportModes" name="test_import_file_with_mode_replace" time="0.129" /><testcase classname="backend.tests.test_new_features.TestImportModes" name="test_import_file_with_mode_append" time="0.344" /><testcase classname="backend.tests.test_new_features.TestPublicMenuLabels" name="test_public_menu_returns_labels" time="0.279" /><testcase classname="backend.tests.test_new_features.TestCleanup" name="test_cleanup_test_data" time="1.552" /></testsuite></testsuites>