<?xml version="1.0" encoding="utf-8"?><testsuites name="pytest tests"><testsuite name="pytest" errors="0" failures="0" skipped="0" tests="23" time="14.534" timestamp="2026-03-10T14:21:33.942918+00:00" hostname="agent-env-fa54b3cc-4bf7-40c4-ae5c-c4e5a6c91f15"><testcase classname="backend.tests.test_auth_and_import.TestAuth" name="test_login_success" time="0.821" /><testcase classname="backend.tests.test_auth_and_import.TestAuth" name="test_login_invalid_password" time="0.697" /><testcase classname="backend.tests.test_auth_and_import.TestAuth" name="test_login_invalid_username" time="0.503" /><testcase classname="backend.tests.test_auth_and_import.TestAuth" name="test_auth_me_with_valid_token" time="0.514" /><testcase classname="backend.tests.test_auth_and_import.TestAuth" name="test_auth_me_without_token" time="0.474" /><testcase classname="backend.tests.test_auth_and_import.TestAuth" name="test_auth_me_with_invalid_token" time="0.509" /><testcase classname="backend.tests.test_auth_and_import.TestRestaurantsWithAuth" name="test_get_restaurants_with_auth" time="0.469" /><testcase classname="backend.tests.test_auth_and_import.TestRestaurantsWithAuth" name="test_get_restaurants_without_auth" time="0.481" /><testcase classname="backend.tests.test_auth_and_import.TestCategoriesCRUDWithAuth" name="test_get_categories" time="0.534" /><testcase classname="backend.tests.test_auth_and_import.TestCategoriesCRUDWithAuth" name="test_create_category" time="0.628" /><testcase classname="backend.tests.test_auth_and_import.TestCategoriesCRUDWithAuth" name="test_update_category" time="0.717" /><testcase classname="backend.tests.test_auth_and_import.TestCategoriesCRUDWithAuth" name="test_delete_category" time="0.711" /><testcase classname="backend.tests.test_auth_and_import.TestMenuItemsCRUDWithAuth" name="test_get_menu_items" time="0.626" /><testcase classname="backend.tests.test_auth_and_import.TestMenuItemsCRUDWithAuth" name="test_create_menu_item" time="0.756" /><testcase classname="backend.tests.test_auth_and_import.TestMenuItemsCRUDWithAuth" name="test_update_menu_item" time="0.876" /><testcase classname="backend.tests.test_auth_and_import.TestMenuItemsCRUDWithAuth" name="test_delete_menu_item" time="0.678" /><testcase classname="backend.tests.test_auth_and_import.TestJSONImport" name="test_import_menu_simple" time="1.047" /><testcase classname="backend.tests.test_auth_and_import.TestJSONImport" name="test_import_menu_multiple_categories" time="0.911" /><testcase classname="backend.tests.test_auth_and_import.TestJSONImport" name="test_import_menu_without_auth" time="0.520" /><testcase classname="backend.tests.test_auth_and_import.TestTablesWithAuth" name="test_get_tables" time="0.515" /><testcase classname="backend.tests.test_auth_and_import.TestTablesWithAuth" name="test_get_tables_without_auth" time="0.467" /><testcase classname="backend.tests.test_auth_and_import.TestAnalytics" name="test_get_analytics" time="0.488" /><testcase classname="backend.tests.test_auth_and_import.TestAnalytics" name="test_get_analytics_without_auth" time="0.470" /></testsuite></testsuites>