<?xml version="1.0" encoding="utf-8"?><testsuites name="pytest tests"><testsuite name="pytest" errors="0" failures="2" skipped="0" tests="15" time="6.522" timestamp="2026-03-10T16:47:29.896544+00:00" hostname="agent-env-0eeb9dab-c3c8-4e7b-a3de-2a3aafc5b8b9"><testcase classname="backend.tests.test_preorders_complete_all.TestAuth" name="test_login_success" time="0.582" /><testcase classname="backend.tests.test_preorders_complete_all.TestAuth" name="test_login_invalid_credentials" time="0.348" /><testcase classname="backend.tests.test_preorders_complete_all.TestCompleteAllOrders" name="test_complete_all_orders_api" time="0.490" /><testcase classname="backend.tests.test_preorders_complete_all.TestCompleteAllOrders" name="test_complete_all_orders_no_auth" time="0.160" /><testcase classname="backend.tests.test_preorders_complete_all.TestCompleteAllStaffCalls" name="test_complete_all_staff_calls_api" time="0.505" /><testcase classname="backend.tests.test_preorders_complete_all.TestCompleteAllStaffCalls" name="test_complete_all_staff_calls_no_auth" time="0.111" /><testcase classname="backend.tests.test_preorders_complete_all.TestPreorderTable" name="test_preorder_table_exists" time="0.470" /><testcase classname="backend.tests.test_preorders_complete_all.TestPreorderTable" name="test_regular_table_exists" time="0.513"><failure message="AssertionError: Regular table should have is_preorder=false&#10;assert None == False&#10; +  where None = &lt;built-in method get of dict object at 0xfaabdb46eb80&gt;('is_preorder')&#10; +    where &lt;built-in method get of dict object at 0xfaabdb46eb80&gt; = {'code': '697DCAA5', 'created_at': '2026-01-26T17:38:15.975484+00:00', 'id': '827c810f-6da7-4d0b-9cbb-833bf4490d34', 'is_active': True, ...}.get">backend/tests/test_preorders_complete_all.py:144: in test_regular_table_exists
    assert regular_table.get("is_preorder") == False, "Regular table should have is_preorder=false"
E   AssertionError: Regular table should have is_preorder=false
E   assert None == False
E    +  where None = &lt;built-in method get of dict object at 0xfaabdb46eb80&gt;('is_preorder')
E    +    where &lt;built-in method get of dict object at 0xfaabdb46eb80&gt; = {'code': '697DCAA5', 'created_at': '2026-01-26T17:38:15.975484+00:00', 'id': '827c810f-6da7-4d0b-9cbb-833bf4490d34', 'is_active': True, ...}.get</failure></testcase><testcase classname="backend.tests.test_preorders_complete_all.TestPublicMenuPreorder" name="test_public_menu_preorder_table" time="0.188" /><testcase classname="backend.tests.test_preorders_complete_all.TestPublicMenuPreorder" name="test_public_menu_regular_table" time="0.133"><failure message="AssertionError: Regular table should have is_preorder=false&#10;assert None == False&#10; +  where None = &lt;built-in method get of dict object at 0xfaabdafe7640&gt;('is_preorder')&#10; +    where &lt;built-in method get of dict object at 0xfaabdafe7640&gt; = {'code': '697DCAA5', 'created_at': '2026-01-26T17:38:15.975484+00:00', 'id': '827c810f-6da7-4d0b-9cbb-833bf4490d34', 'is_active': True, ...}.get">backend/tests/test_preorders_complete_all.py:169: in test_public_menu_regular_table
    assert table.get("is_preorder") == False, "Regular table should have is_preorder=false"
E   AssertionError: Regular table should have is_preorder=false
E   assert None == False
E    +  where None = &lt;built-in method get of dict object at 0xfaabdafe7640&gt;('is_preorder')
E    +    where &lt;built-in method get of dict object at 0xfaabdafe7640&gt; = {'code': '697DCAA5', 'created_at': '2026-01-26T17:38:15.975484+00:00', 'id': '827c810f-6da7-4d0b-9cbb-833bf4490d34', 'is_active': True, ...}.get</failure></testcase><testcase classname="backend.tests.test_preorders_complete_all.TestCreatePreorder" name="test_create_preorder_with_customer_info" time="0.684" /><testcase classname="backend.tests.test_preorders_complete_all.TestCreatePreorder" name="test_create_regular_order_no_preorder_fields" time="0.582" /><testcase classname="backend.tests.test_preorders_complete_all.TestOrdersListPreorders" name="test_get_all_orders" time="0.517" /><testcase classname="backend.tests.test_preorders_complete_all.TestOrdersListPreorders" name="test_existing_preorder_ivan_petrov" time="0.454" /><testcase classname="backend.tests.test_preorders_complete_all.TestCleanup" name="test_cleanup_test_orders" time="0.634" /></testsuite></testsuites>