<?xml version="1.0" encoding="utf-8"?><testsuites name="pytest tests"><testsuite name="pytest" errors="0" failures="0" skipped="0" tests="16" time="4.206" timestamp="2026-03-10T14:38:07.981288+00:00" hostname="agent-env-fa54b3cc-4bf7-40c4-ae5c-c4e5a6c91f15"><testcase classname="backend.tests.test_telegram_bot.TestTelegramBotEndpoints" name="test_get_telegram_bot_requires_auth" time="0.156" /><testcase classname="backend.tests.test_telegram_bot.TestTelegramBotEndpoints" name="test_get_telegram_bot_with_auth" time="0.458" /><testcase classname="backend.tests.test_telegram_bot.TestTelegramBotEndpoints" name="test_put_telegram_bot_invalid_token" time="0.514" /><testcase classname="backend.tests.test_telegram_bot.TestTelegramBotEndpoints" name="test_put_telegram_bot_empty_token" time="0.167" /><testcase classname="backend.tests.test_telegram_bot.TestTelegramBotEndpoints" name="test_delete_telegram_bot" time="0.290" /><testcase classname="backend.tests.test_telegram_bot.TestTelegramBotEndpoints" name="test_delete_telegram_bot_requires_auth" time="0.128" /><testcase classname="backend.tests.test_telegram_bot.TestTelegramWebhook" name="test_webhook_endpoint_is_public" time="0.114" /><testcase classname="backend.tests.test_telegram_bot.TestTelegramWebhook" name="test_webhook_handles_start_command" time="0.111" /><testcase classname="backend.tests.test_telegram_bot.TestTelegramWebhook" name="test_webhook_handles_empty_message" time="0.119" /><testcase classname="backend.tests.test_telegram_bot.TestNotificationsWithoutBot" name="test_staff_call_without_bot" time="0.357" /><testcase classname="backend.tests.test_telegram_bot.TestNotificationsWithoutBot" name="test_staff_call_with_call_type" time="0.492" /><testcase classname="backend.tests.test_telegram_bot.TestNotificationsWithoutBot" name="test_order_without_bot" time="0.395" /><testcase classname="backend.tests.test_telegram_bot.TestNotificationsWithoutBot" name="test_staff_call_invalid_table" time="0.116" /><testcase classname="backend.tests.test_telegram_bot.TestNotificationsWithoutBot" name="test_order_invalid_table" time="0.132" /><testcase classname="backend.tests.test_telegram_bot.TestPublicEndpointsExist" name="test_public_staff_calls_endpoint_exists" time="0.220" /><testcase classname="backend.tests.test_telegram_bot.TestPublicEndpointsExist" name="test_public_orders_endpoint_exists" time="0.328" /></testsuite></testsuites>