<?xml version="1.0" encoding="utf-8"?><testsuites name="pytest tests"><testsuite name="pytest" errors="0" failures="0" skipped="0" tests="25" time="8.018" timestamp="2026-03-10T17:24:45.897667+00:00" hostname="agent-env-0eeb9dab-c3c8-4e7b-a3de-2a3aafc5b8b9"><testcase classname="backend.tests.test_websocket_feature.TestBackendRegressionAPIs" name="test_health_endpoint" time="0.283" /><testcase classname="backend.tests.test_websocket_feature.TestBackendRegressionAPIs" name="test_login_endpoint" time="0.361" /><testcase classname="backend.tests.test_websocket_feature.TestBackendRegressionAPIs" name="test_login_invalid_credentials" time="0.106" /><testcase classname="backend.tests.test_websocket_feature.TestBackendRegressionAPIs" name="test_me_endpoint" time="0.577" /><testcase classname="backend.tests.test_websocket_feature.TestBackendRegressionAPIs" name="test_restaurants_list" time="0.113" /><testcase classname="backend.tests.test_websocket_feature.TestBackendRegressionAPIs" name="test_restaurant_details" time="0.118" /><testcase classname="backend.tests.test_websocket_feature.TestBackendRegressionAPIs" name="test_categories_endpoint" time="0.120" /><testcase classname="backend.tests.test_websocket_feature.TestBackendRegressionAPIs" name="test_menu_items_endpoint" time="0.166" /><testcase classname="backend.tests.test_websocket_feature.TestBackendRegressionAPIs" name="test_orders_endpoint" time="0.140" /><testcase classname="backend.tests.test_websocket_feature.TestBackendRegressionAPIs" name="test_staff_calls_endpoint" time="0.130" /><testcase classname="backend.tests.test_websocket_feature.TestBackendRegressionAPIs" name="test_tables_endpoint" time="0.144" /><testcase classname="backend.tests.test_websocket_feature.TestBackendRegressionAPIs" name="test_labels_endpoint" time="0.126" /><testcase classname="backend.tests.test_websocket_feature.TestBackendRegressionAPIs" name="test_settings_endpoint" time="0.128" /><testcase classname="backend.tests.test_websocket_feature.TestBackendRegressionAPIs" name="test_analytics_endpoint" time="0.145" /><testcase classname="backend.tests.test_websocket_feature.TestBackendRegressionAPIs" name="test_public_menu_regular_table" time="0.168" /><testcase classname="backend.tests.test_websocket_feature.TestBackendRegressionAPIs" name="test_public_menu_preorder_table" time="0.137" /><testcase classname="backend.tests.test_websocket_feature.TestBackendRegressionAPIs" name="test_public_menu_invalid_code" time="0.129" /><testcase classname="backend.tests.test_websocket_feature.TestWebSocketConnection" name="test_ws_connection_without_token" time="0.163" /><testcase classname="backend.tests.test_websocket_feature.TestWebSocketConnection" name="test_ws_connection_with_invalid_token" time="0.156" /><testcase classname="backend.tests.test_websocket_feature.TestWebSocketConnection" name="test_ws_connection_with_valid_token" time="0.223" /><testcase classname="backend.tests.test_websocket_feature.TestWebSocketConnection" name="test_ws_broadcast_on_new_order" time="1.399" /><testcase classname="backend.tests.test_websocket_feature.TestWebSocketConnection" name="test_ws_broadcast_on_new_staff_call" time="1.237" /><testcase classname="backend.tests.test_websocket_feature.TestPublicOrderCreation" name="test_create_order_via_public_api" time="0.570" /><testcase classname="backend.tests.test_websocket_feature.TestPublicOrderCreation" name="test_create_preorder_via_public_api" time="0.541" /><testcase classname="backend.tests.test_websocket_feature.TestPublicOrderCreation" name="test_create_staff_call_via_public_api" time="0.546" /></testsuite></testsuites>