<?xml version="1.0" encoding="utf-8"?><testsuites name="pytest tests"><testsuite name="pytest" errors="0" failures="0" skipped="0" tests="29" time="2.203" timestamp="2026-01-26T19:03:18.750928+00:00" hostname="agent-env-813ab2e6-1faa-4002-b0fc-5efa06910e56"><testcase classname="backend.tests.test_restaurant_api.TestMenuSections" name="test_get_menu_sections" time="0.097" /><testcase classname="backend.tests.test_restaurant_api.TestMenuSections" name="test_create_menu_section" time="0.078" /><testcase classname="backend.tests.test_restaurant_api.TestMenuSections" name="test_update_menu_section" time="0.118" /><testcase classname="backend.tests.test_restaurant_api.TestMenuSections" name="test_delete_menu_section" time="0.115" /><testcase classname="backend.tests.test_restaurant_api.TestCallTypes" name="test_get_call_types" time="0.037" /><testcase classname="backend.tests.test_restaurant_api.TestCallTypes" name="test_create_call_type" time="0.117" /><testcase classname="backend.tests.test_restaurant_api.TestCallTypes" name="test_update_call_type" time="0.157" /><testcase classname="backend.tests.test_restaurant_api.TestCallTypes" name="test_delete_call_type" time="0.156" /><testcase classname="backend.tests.test_restaurant_api.TestPublicMenu" name="test_get_public_menu_valid_table" time="0.050" /><testcase classname="backend.tests.test_restaurant_api.TestPublicMenu" name="test_get_public_menu_invalid_table" time="0.080" /><testcase classname="backend.tests.test_restaurant_api.TestPublicMenu" name="test_public_menu_categories_have_section_id" time="0.051" /><testcase classname="backend.tests.test_restaurant_api.TestCategories" name="test_get_categories" time="0.034" /><testcase classname="backend.tests.test_restaurant_api.TestCategories" name="test_create_category_with_section" time="0.075" /><testcase classname="backend.tests.test_restaurant_api.TestCategories" name="test_update_category_section" time="0.110" /><testcase classname="backend.tests.test_restaurant_api.TestSettings" name="test_get_settings" time="0.036" /><testcase classname="backend.tests.test_restaurant_api.TestSettings" name="test_update_telegram_settings" time="0.111" /><testcase classname="backend.tests.test_restaurant_api.TestStaffCalls" name="test_create_staff_call_with_type" time="0.076" /><testcase classname="backend.tests.test_restaurant_api.TestStaffCalls" name="test_get_staff_calls" time="0.042" /><testcase classname="backend.tests.test_restaurant_api.TestMenuItems" name="test_get_menu_items" time="0.048" /><testcase classname="backend.tests.test_restaurant_api.TestMenuItems" name="test_create_banner_item" time="0.105" /><testcase classname="backend.tests.test_restaurant_api.TestImageUpload" name="test_upload_valid_image" time="0.040" /><testcase classname="backend.tests.test_restaurant_api.TestImageUpload" name="test_upload_invalid_file_type" time="0.034" /><testcase classname="backend.tests.test_restaurant_api.TestImageUpload" name="test_upload_file_too_large" time="0.075" /><testcase classname="backend.tests.test_restaurant_api.TestImageUpload" name="test_upload_jpeg_image" time="0.035" /><testcase classname="backend.tests.test_restaurant_api.TestQRCode" name="test_get_qr_code_valid_table" time="0.049" /><testcase classname="backend.tests.test_restaurant_api.TestQRCode" name="test_get_qr_code_invalid_table" time="0.042" /><testcase classname="backend.tests.test_restaurant_api.TestQRCode" name="test_qr_code_menu_url_format" time="0.042" /><testcase classname="backend.tests.test_restaurant_api.TestQRCode" name="test_qr_code_download_endpoint" time="0.046" /><testcase classname="backend.tests.test_restaurant_api.TestQRCode" name="test_qr_code_download_invalid_table" time="0.039" /></testsuite></testsuites>