<?xml version="1.0" encoding="utf-8"?><testsuites name="pytest tests"><testsuite name="pytest" errors="0" failures="0" skipped="0" tests="12" time="1.892" timestamp="2026-04-27T22:26:42.198921+00:00" hostname="agent-env-70a2a73b-026e-4d07-97c3-bef50547de31"><testcase classname="backend.tests.test_mapping_digest.TestAutoMappingSuggest" name="test_suggest_caffesta_disabled" time="0.731" /><testcase classname="backend.tests.test_mapping_digest.TestAutoMappingSuggest" name="test_suggest_with_params" time="0.053" /><testcase classname="backend.tests.test_mapping_digest.TestAutoMappingSuggest" name="test_suggest_only_unmapped_false" time="0.049" /><testcase classname="backend.tests.test_mapping_digest.TestAutoMappingApply" name="test_apply_empty" time="0.077" /><testcase classname="backend.tests.test_mapping_digest.TestAutoMappingApply" name="test_apply_set_and_unset" time="0.446" /><testcase classname="backend.tests.test_mapping_digest.TestDigestPreview" name="test_preview_returns_text" time="0.056" /><testcase classname="backend.tests.test_mapping_digest.TestDigestPreview" name="test_preview_no_500_when_caffesta_disabled" time="0.052" /><testcase classname="backend.tests.test_mapping_digest.TestDigestSend" name="test_send_no_credentials_returns_400" time="0.099" /><testcase classname="backend.tests.test_mapping_digest.TestDigestSettingsPersist" name="test_put_and_get_settings_roundtrip" time="0.104" /><testcase classname="backend.tests.test_mapping_digest.TestDigestSettingsPersist" name="test_teardown_disable_digest" time="0.050" /><testcase classname="backend.tests.test_mapping_digest.TestRegression" name="test_caffesta_time_window_still_works" time="0.049" /><testcase classname="backend.tests.test_mapping_digest.TestRegression" name="test_costs_analysis_still_works" time="0.073" /></testsuite></testsuites>