<?xml version="1.0" encoding="utf-8"?><testsuites name="pytest tests"><testsuite name="pytest" errors="0" failures="0" skipped="0" tests="29" time="27.485" timestamp="2026-03-10T17:40:14.842944+00:00" hostname="agent-env-0eeb9dab-c3c8-4e7b-a3de-2a3aafc5b8b9"><testcase classname="backend.tests.test_telegram_expansion.TestPublicOrdersEndpoint" name="test_create_order_returns_id" time="0.857" /><testcase classname="backend.tests.test_telegram_expansion.TestPublicOrdersEndpoint" name="test_create_preorder_returns_id" time="0.565" /><testcase classname="backend.tests.test_telegram_expansion.TestOrderStatusEndpoint" name="test_get_order_status_returns_status" time="0.636" /><testcase classname="backend.tests.test_telegram_expansion.TestOrderStatusEndpoint" name="test_get_order_status_invalid_id" time="0.127" /><testcase classname="backend.tests.test_telegram_expansion.TestOrderStatusEndpoint" name="test_order_status_is_public" time="0.685" /><testcase classname="backend.tests.test_telegram_expansion.TestOrderStatusFlow" name="test_status_flow_via_admin_api" time="1.475" /><testcase classname="backend.tests.test_telegram_expansion.TestOrderStatusFlow" name="test_status_cancelled" time="0.753" /><testcase classname="backend.tests.test_telegram_expansion.TestTelegramWebhookCallbackQuery" name="test_callback_query_order_accept" time="1.876" /><testcase classname="backend.tests.test_telegram_expansion.TestTelegramWebhookCallbackQuery" name="test_callback_query_order_done" time="1.793" /><testcase classname="backend.tests.test_telegram_expansion.TestTelegramWebhookCallbackQuery" name="test_callback_query_order_cancel" time="1.588" /><testcase classname="backend.tests.test_telegram_expansion.TestTelegramWebhookCallbackQuery" name="test_callback_query_call_done" time="1.767" /><testcase classname="backend.tests.test_telegram_expansion.TestTelegramWebhookCallbackQuery" name="test_callback_query_invalid_order" time="0.650" /><testcase classname="backend.tests.test_telegram_expansion.TestTelegramCommands" name="test_orders_command" time="7.878" /><testcase classname="backend.tests.test_telegram_expansion.TestTelegramCommands" name="test_calls_command" time="2.177" /><testcase classname="backend.tests.test_telegram_expansion.TestTelegramCommands" name="test_stats_command" time="0.527" /><testcase classname="backend.tests.test_telegram_expansion.TestTelegramCommands" name="test_start_command_subscribes" time="0.486" /><testcase classname="backend.tests.test_telegram_expansion.TestStaffCallsEndpoint" name="test_create_staff_call_returns_id" time="0.888" /><testcase classname="backend.tests.test_telegram_expansion.TestStaffCallsEndpoint" name="test_create_staff_call_with_call_type_returns_id" time="0.999" /><testcase classname="backend.tests.test_telegram_expansion.TestBackendRegression" name="test_login_works" time="0.369" /><testcase classname="backend.tests.test_telegram_expansion.TestBackendRegression" name="test_restaurants_endpoint" time="0.116" /><testcase classname="backend.tests.test_telegram_expansion.TestBackendRegression" name="test_categories_endpoint" time="0.111" /><testcase classname="backend.tests.test_telegram_expansion.TestBackendRegression" name="test_menu_items_endpoint" time="0.157" /><testcase classname="backend.tests.test_telegram_expansion.TestBackendRegression" name="test_labels_endpoint" time="0.109" /><testcase classname="backend.tests.test_telegram_expansion.TestBackendRegression" name="test_tables_endpoint" time="0.113" /><testcase classname="backend.tests.test_telegram_expansion.TestBackendRegression" name="test_settings_endpoint" time="0.174" /><testcase classname="backend.tests.test_telegram_expansion.TestBackendRegression" name="test_analytics_endpoint" time="0.131" /><testcase classname="backend.tests.test_telegram_expansion.TestBackendRegression" name="test_orders_endpoint" time="0.111" /><testcase classname="backend.tests.test_telegram_expansion.TestBackendRegression" name="test_staff_calls_admin_endpoint" time="0.108" /><testcase classname="backend.tests.test_telegram_expansion.TestBackendRegression" name="test_public_menu_endpoint" time="0.160" /></testsuite></testsuites>